Feature: Login # features/login.feature:2

  Scenario: I can login into the Tools QA page with an existing user and correct password  # features/login.feature:6
    Given I open the Tools QA page                                                         # features/steps/common_steps.py:17
      Traceback (most recent call last):
        File "/home/runner/.local/share/virtualenvs/apu-behavex-playwright-zqdrTHzK/lib/python3.8/site-packages/behave/model.py", line 1329, in run
          match.run(runner.context)
        File "/home/runner/.local/share/virtualenvs/apu-behavex-playwright-zqdrTHzK/lib/python3.8/site-packages/behave/matchers.py", line 98, in run
          self.func(context, *args, **kwargs)
        File "features/steps/common_steps.py", line 32, in open_main_page
          context.page.goto(app_url)
        File "/home/runner/.local/share/virtualenvs/apu-behavex-playwright-zqdrTHzK/lib/python3.8/site-packages/playwright/sync_api/_generated.py", line 9002, in goto
          self._sync(
        File "/home/runner/.local/share/virtualenvs/apu-behavex-playwright-zqdrTHzK/lib/python3.8/site-packages/playwright/_impl/_sync_base.py", line 115, in _sync
          return task.result()
        File "/home/runner/.local/share/virtualenvs/apu-behavex-playwright-zqdrTHzK/lib/python3.8/site-packages/playwright/_impl/_page.py", line 553, in goto
          return await self._main_frame.goto(**locals_to_params(locals()))
        File "/home/runner/.local/share/virtualenvs/apu-behavex-playwright-zqdrTHzK/lib/python3.8/site-packages/playwright/_impl/_frame.py", line 145, in goto
          await self._channel.send("goto", locals_to_params(locals()))
        File "/home/runner/.local/share/virtualenvs/apu-behavex-playwright-zqdrTHzK/lib/python3.8/site-packages/playwright/_impl/_connection.py", line 59, in send
          return await self._connection.wrap_api_call(
        File "/home/runner/.local/share/virtualenvs/apu-behavex-playwright-zqdrTHzK/lib/python3.8/site-packages/playwright/_impl/_connection.py", line 520, in wrap_api_call
          raise rewrite_error(error, f"{parsed_st['apiName']}: {error}") from None
      playwright._impl._errors.TimeoutError: Page.goto: Timeout 30000ms exceeded.
      Call log:
      navigating to "https://demoqa.com/", waiting until "load"

    When I complete the user name field with testing user name                             # None
    And I complete the password field with testing user password                           # None
    And I click the Login button                                                           # None
    Then I see the "profile" page is displayed                                             # None
    And I see the user name is displayed in the page                                       # None

  Scenario: After login I can see the "Elements" menu and click on "Text Box" option  # features/login.feature:15
    Given I open the Tools QA page                                                    # features/steps/common_steps.py:17
    When I complete the user name field with testing user name                        # features/steps/login_steps.py:11
    And I complete the password field with testing user password                      # features/steps/login_steps.py:19
    And I click the Login button                                                      # features/steps/login_steps.py:27
    And I expand "Elements" menu                                                      # features/steps/common_steps.py:46
    And I click "Text Box" option                                                     # features/steps/common_steps.py:52
    Then I see the "Text Box" page is displayed                                       # features/steps/common_steps.py:60

Feature: Api # features/apis.feature:2

  Scenario: I can login Tools QA page through the API  # features/apis.feature:6
    Given I login to demoqa page through API           # features/steps/admin_steps.py:13
    Then I see the response contains the access token  # features/steps/admin_steps.py:32

